<?xml version="1.0" encoding="UTF-8"?>
<!-- Generated by org.testng.reporters.JUnitReportReporter -->
<testsuite skipped="0" hostname="saketh" name="demopackage.Annotations" tests="2" failures="0" timestamp="04 Feb 2019 21:41:21 GMT" time="0.019" errors="0">
  <testcase name="testCase1" time="0.015" classname="demopackage.Annotations"/>
  <testcase name="testCase2" time="0.004" classname="demopackage.Annotations"/>
</testsuite> <!-- demopackage.Annotations -->
